2020-05-01 17:36:26,461 INFO [restartedMain] o.s.b.d.e.DevToolsPropertyDefaultsPostProcessor [DeferredLog.java:225] Devtools property defaults active! Set 'spring.devtools.add-properties' to 'false' to disable
2020-05-01 17:36:26,849 INFO [restartedMain] c.f.FmsFeedbackClientApplication [SpringApplication.java:651] No active profile set, falling back to default profiles: default
2020-05-01 17:36:27,474 INFO [restartedMain] o.s.d.r.c.RepositoryConfigurationDelegate [RepositoryConfigurationDelegate.java:127] Bootstrapping Spring Data MongoDB repositories in DEFAULT mode.
2020-05-01 17:36:27,534 INFO [restartedMain] o.s.d.r.c.RepositoryConfigurationDelegate [RepositoryConfigurationDelegate.java:187] Finished Spring Data repository scanning in 58ms. Found 5 MongoDB repository interfaces.
2020-05-01 17:36:27,732 INFO [restartedMain] o.s.c.c.s.GenericScope [GenericScope.java:295] BeanFactory id=a24fa803-efd1-3cfd-8471-02d568108464
2020-05-01 17:36:28,277 INFO [restartedMain] o.s.b.w.e.t.TomcatWebServer [TomcatWebServer.java:92] Tomcat initialized with port(s): 8083 (http)
2020-05-01 17:36:28,308 INFO [restartedMain] o.a.c.h.Http11NioProtocol [DirectJDKLog.java:173] Initializing ProtocolHandler ["http-nio-8083"]
2020-05-01 17:36:28,309 INFO [restartedMain] o.a.c.c.StandardService [DirectJDKLog.java:173] Starting service [Tomcat]
2020-05-01 17:36:28,309 INFO [restartedMain] o.a.c.c.StandardEngine [DirectJDKLog.java:173] Starting Servlet engine: [Apache Tomcat/9.0.33]
2020-05-01 17:36:28,494 INFO [restartedMain] o.a.c.c.C.[.[.[/] [DirectJDKLog.java:173] Initializing Spring embedded WebApplicationContext
2020-05-01 17:36:28,494 INFO [restartedMain] o.s.w.c.ContextLoader [ServletWebServerApplicationContext.java:284] Root WebApplicationContext: initialization completed in 1635 ms
2020-05-01 17:36:28,824 INFO [restartedMain] o.m.d.cluster [SLF4JLogger.java:71] Cluster created with settings {hosts=[localhost:27017], mode=SINGLE, requiredClusterType=UNKNOWN, serverSelectionTimeout='30000 ms', maxWaitQueueSize=500}
2020-05-01 17:36:28,863 INFO [cluster-ClusterId{value='5eac10c419de771d5e0e7d0c', description='null'}-localhost:27017] o.m.d.connection [SLF4JLogger.java:71] Opened connection [connectionId{localValue:1, serverValue:187}] to localhost:27017
2020-05-01 17:36:28,866 INFO [cluster-ClusterId{value='5eac10c419de771d5e0e7d0c', description='null'}-localhost:27017] o.m.d.cluster [SLF4JLogger.java:71] Monitor thread successfully connected to server with description ServerDescription{address=localhost:27017, type=STANDALONE, state=CONNECTED, ok=true, version=ServerVersion{versionList=[4, 2, 5]}, minWireVersion=0, maxWireVersion=8, maxDocumentSize=16777216, logicalSessionTimeoutMinutes=30, roundTripTimeNanos=1803200}
2020-05-01 17:36:28,975 WARN [restartedMain] o.s.b.d.a.OptionalLiveReloadServer [OptionalLiveReloadServer.java:61] Unable to start LiveReload server
2020-05-01 17:36:29,008 WARN [restartedMain] o.s.d.m.c.m.BasicMongoPersistentProperty [BasicMongoPersistentProperty.java:86] Customizing field name for id property 'com.fms.model.pocDetails.pocId' is not allowed! Custom name ('pocId') will not be considered!
2020-05-01 17:36:29,011 WARN [restartedMain] o.s.d.m.c.m.BasicMongoPersistentProperty [BasicMongoPersistentProperty.java:86] Customizing field name for id property 'com.fms.model.Events.eventId' is not allowed! Custom name ('eventId') will not be considered!
2020-05-01 17:36:29,023 WARN [restartedMain] o.s.d.m.c.m.BasicMongoPersistentProperty [BasicMongoPersistentProperty.java:86] Customizing field name for id property 'com.fms.model.VolunteerDetails.id' is not allowed! Custom name ('volunteerId') will not be considered!
2020-05-01 17:36:29,240 WARN [restartedMain] c.n.c.s.URLConfigurationSource [URLConfigurationSource.java:121] No URLs will be polled as dynamic configuration sources.
2020-05-01 17:36:29,240 INFO [restartedMain] c.n.c.s.URLConfigurationSource [URLConfigurationSource.java:122] To enable URLs as dynamic configuration sources, define System property archaius.configurationSource.additionalUrls or make config.properties available on classpath.
2020-05-01 17:36:29,243 WARN [restartedMain] c.n.c.s.URLConfigurationSource [URLConfigurationSource.java:121] No URLs will be polled as dynamic configuration sources.
2020-05-01 17:36:29,243 INFO [restartedMain] c.n.c.s.URLConfigurationSource [URLConfigurationSource.java:122] To enable URLs as dynamic configuration sources, define System property archaius.configurationSource.additionalUrls or make config.properties available on classpath.
2020-05-01 17:36:29,372 INFO [restartedMain] o.s.s.c.ThreadPoolTaskExecutor [ExecutorConfigurationSupport.java:181] Initializing ExecutorService 'applicationTaskExecutor'
2020-05-01 17:36:29,890 WARN [restartedMain] o.s.c.l.c.BlockingLoadBalancerClientAutoConfiguration$BlockingLoadBalancerClientRibbonWarnLogger [BlockingLoadBalancerClientAutoConfiguration.java:86] You already have RibbonLoadBalancerClient on your classpath. It will be used by default. As Spring Cloud Ribbon is in maintenance mode. We recommend switching to BlockingLoadBalancerClient instead. In order to use it, set the value of `spring.cloud.loadbalancer.ribbon.enabled` to `false` or remove spring-cloud-starter-netflix-ribbon from your project.
2020-05-01 17:36:29,954 INFO [restartedMain] o.s.c.n.e.InstanceInfoFactory [InstanceInfoFactory.java:72] Setting initial instance status as: STARTING
2020-05-01 17:36:29,974 INFO [restartedMain] c.n.d.DiscoveryClient [DiscoveryClient.java:368] Initializing Eureka in region us-east-1
2020-05-01 17:36:30,019 INFO [restartedMain] c.n.d.p.DiscoveryJerseyProvider [DiscoveryJerseyProvider.java:70] Using JSON encoding codec LegacyJacksonJson
2020-05-01 17:36:30,020 INFO [restartedMain] c.n.d.p.DiscoveryJerseyProvider [DiscoveryJerseyProvider.java:71] Using JSON decoding codec LegacyJacksonJson
2020-05-01 17:36:30,097 INFO [restartedMain] c.n.d.p.DiscoveryJerseyProvider [DiscoveryJerseyProvider.java:80] Using XML encoding codec XStreamXml
2020-05-01 17:36:30,098 INFO [restartedMain] c.n.d.p.DiscoveryJerseyProvider [DiscoveryJerseyProvider.java:81] Using XML decoding codec XStreamXml
2020-05-01 17:36:30,218 INFO [restartedMain] c.n.d.s.r.a.ConfigClusterResolver [ConfigClusterResolver.java:43] Resolving eureka endpoints via configuration
2020-05-01 17:36:30,346 INFO [restartedMain] c.n.d.DiscoveryClient [DiscoveryClient.java:981] Disable delta property : false
2020-05-01 17:36:30,347 INFO [restartedMain] c.n.d.DiscoveryClient [DiscoveryClient.java:982] Single vip registry refresh property : null
2020-05-01 17:36:30,347 INFO [restartedMain] c.n.d.DiscoveryClient [DiscoveryClient.java:983] Force full registry fetch : false
2020-05-01 17:36:30,347 INFO [restartedMain] c.n.d.DiscoveryClient [DiscoveryClient.java:984] Application is null : false
2020-05-01 17:36:30,347 INFO [restartedMain] c.n.d.DiscoveryClient [DiscoveryClient.java:985] Registered Applications size is zero : true
2020-05-01 17:36:30,347 INFO [restartedMain] c.n.d.DiscoveryClient [DiscoveryClient.java:987] Application version is -1: true
2020-05-01 17:36:30,347 INFO [restartedMain] c.n.d.DiscoveryClient [DiscoveryClient.java:1070] Getting all instance registry info from the eureka server
2020-05-01 17:36:30,467 INFO [restartedMain] c.n.d.DiscoveryClient [DiscoveryClient.java:1079] The response status is 200
2020-05-01 17:36:30,469 INFO [restartedMain] c.n.d.DiscoveryClient [DiscoveryClient.java:1294] Starting heartbeat executor: renew interval is: 30
2020-05-01 17:36:30,471 INFO [restartedMain] c.n.d.InstanceInfoReplicator [InstanceInfoReplicator.java:60] InstanceInfoReplicator onDemand update allowed rate per min is 4
2020-05-01 17:36:30,473 INFO [restartedMain] c.n.d.DiscoveryClient [DiscoveryClient.java:468] Discovery Client initialized at timestamp 1588334790472 with initial instances count: 1
2020-05-01 17:36:30,474 INFO [restartedMain] o.s.c.n.e.s.EurekaServiceRegistry [EurekaServiceRegistry.java:41] Registering application FMS-FEEDBACK-SERVICE with eureka with status UP
2020-05-01 17:36:30,474 INFO [restartedMain] c.n.d.DiscoveryClient [DiscoveryClient.java:1330] Saw local status change event StatusChangeEvent [timestamp=1588334790474, current=UP, previous=STARTING]
2020-05-01 17:36:30,476 INFO [DiscoveryClient-InstanceInfoReplicator-0] c.n.d.DiscoveryClient [DiscoveryClient.java:847] DiscoveryClient_FMS-FEEDBACK-SERVICE/DESKTOP-1QKKEMV:fms-feedback-service:8083: registering service...
2020-05-01 17:36:30,497 INFO [restartedMain] o.a.c.h.Http11NioProtocol [DirectJDKLog.java:173] Starting ProtocolHandler ["http-nio-8083"]
2020-05-01 17:36:30,516 INFO [restartedMain] o.s.b.w.e.t.TomcatWebServer [TomcatWebServer.java:204] Tomcat started on port(s): 8083 (http) with context path ''
2020-05-01 17:36:30,516 INFO [DiscoveryClient-InstanceInfoReplicator-0] c.n.d.DiscoveryClient [DiscoveryClient.java:856] DiscoveryClient_FMS-FEEDBACK-SERVICE/DESKTOP-1QKKEMV:fms-feedback-service:8083 - registration status: 204
2020-05-01 17:36:30,517 INFO [restartedMain] o.s.c.n.e.s.EurekaAutoServiceRegistration [EurekaAutoServiceRegistration.java:145] Updating port to 8083
2020-05-01 17:36:30,701 INFO [restartedMain] c.f.FmsFeedbackClientApplication [StartupInfoLogger.java:61] Started FmsFeedbackClientApplication in 4.69 seconds (JVM running for 5.412)
2020-05-01 17:41:30,351 INFO [AsyncResolver-bootstrap-executor-0] c.n.d.s.r.a.ConfigClusterResolver [ConfigClusterResolver.java:43] Resolving eureka endpoints via configuration
2020-05-01 17:46:30,354 INFO [AsyncResolver-bootstrap-executor-0] c.n.d.s.r.a.ConfigClusterResolver [ConfigClusterResolver.java:43] Resolving eureka endpoints via configuration
2020-05-01 17:51:30,356 INFO [AsyncResolver-bootstrap-executor-0] c.n.d.s.r.a.ConfigClusterResolver [ConfigClusterResolver.java:43] Resolving eureka endpoints via configuration
2020-05-01 17:56:30,359 INFO [AsyncResolver-bootstrap-executor-0] c.n.d.s.r.a.ConfigClusterResolver [ConfigClusterResolver.java:43] Resolving eureka endpoints via configuration
2020-05-01 18:01:30,361 INFO [AsyncResolver-bootstrap-executor-0] c.n.d.s.r.a.ConfigClusterResolver [ConfigClusterResolver.java:43] Resolving eureka endpoints via configuration
2020-05-01 18:06:30,362 INFO [AsyncResolver-bootstrap-executor-0] c.n.d.s.r.a.ConfigClusterResolver [ConfigClusterResolver.java:43] Resolving eureka endpoints via configuration
2020-05-01 18:11:30,364 INFO [AsyncResolver-bootstrap-executor-0] c.n.d.s.r.a.ConfigClusterResolver [ConfigClusterResolver.java:43] Resolving eureka endpoints via configuration
2020-05-01 18:16:30,366 INFO [AsyncResolver-bootstrap-executor-0] c.n.d.s.r.a.ConfigClusterResolver [ConfigClusterResolver.java:43] Resolving eureka endpoints via configuration
2020-05-01 18:21:30,367 INFO [AsyncResolver-bootstrap-executor-0] c.n.d.s.r.a.ConfigClusterResolver [ConfigClusterResolver.java:43] Resolving eureka endpoints via configuration
2020-05-01 18:26:30,370 INFO [AsyncResolver-bootstrap-executor-0] c.n.d.s.r.a.ConfigClusterResolver [ConfigClusterResolver.java:43] Resolving eureka endpoints via configuration
2020-05-01 18:31:30,371 INFO [AsyncResolver-bootstrap-executor-0] c.n.d.s.r.a.ConfigClusterResolver [ConfigClusterResolver.java:43] Resolving eureka endpoints via configuration
2020-05-01 18:36:30,374 INFO [AsyncResolver-bootstrap-executor-0] c.n.d.s.r.a.ConfigClusterResolver [ConfigClusterResolver.java:43] Resolving eureka endpoints via configuration
2020-05-01 18:41:30,376 INFO [AsyncResolver-bootstrap-executor-0] c.n.d.s.r.a.ConfigClusterResolver [ConfigClusterResolver.java:43] Resolving eureka endpoints via configuration
2020-05-01 18:46:30,378 INFO [AsyncResolver-bootstrap-executor-0] c.n.d.s.r.a.ConfigClusterResolver [ConfigClusterResolver.java:43] Resolving eureka endpoints via configuration
2020-05-01 18:51:30,379 INFO [AsyncResolver-bootstrap-executor-0] c.n.d.s.r.a.ConfigClusterResolver [ConfigClusterResolver.java:43] Resolving eureka endpoints via configuration
2020-05-01 18:56:30,382 INFO [AsyncResolver-bootstrap-executor-0] c.n.d.s.r.a.ConfigClusterResolver [ConfigClusterResolver.java:43] Resolving eureka endpoints via configuration
2020-05-01 19:01:30,383 INFO [AsyncResolver-bootstrap-executor-0] c.n.d.s.r.a.ConfigClusterResolver [ConfigClusterResolver.java:43] Resolving eureka endpoints via configuration
2020-05-01 19:06:30,385 INFO [AsyncResolver-bootstrap-executor-0] c.n.d.s.r.a.ConfigClusterResolver [ConfigClusterResolver.java:43] Resolving eureka endpoints via configuration
2020-05-01 19:11:30,387 INFO [AsyncResolver-bootstrap-executor-0] c.n.d.s.r.a.ConfigClusterResolver [ConfigClusterResolver.java:43] Resolving eureka endpoints via configuration
2020-05-01 19:16:30,389 INFO [AsyncResolver-bootstrap-executor-0] c.n.d.s.r.a.ConfigClusterResolver [ConfigClusterResolver.java:43] Resolving eureka endpoints via configuration
2020-05-01 19:21:30,391 INFO [AsyncResolver-bootstrap-executor-0] c.n.d.s.r.a.ConfigClusterResolver [ConfigClusterResolver.java:43] Resolving eureka endpoints via configuration
2020-05-01 19:26:30,392 INFO [AsyncResolver-bootstrap-executor-0] c.n.d.s.r.a.ConfigClusterResolver [ConfigClusterResolver.java:43] Resolving eureka endpoints via configuration
2020-05-01 19:31:30,394 INFO [AsyncResolver-bootstrap-executor-0] c.n.d.s.r.a.ConfigClusterResolver [ConfigClusterResolver.java:43] Resolving eureka endpoints via configuration
2020-05-01 19:36:30,395 INFO [AsyncResolver-bootstrap-executor-0] c.n.d.s.r.a.ConfigClusterResolver [ConfigClusterResolver.java:43] Resolving eureka endpoints via configuration
2020-05-01 19:40:07,054 INFO [Thread-2] o.s.c.n.e.s.EurekaServiceRegistry [EurekaServiceRegistry.java:65] Unregistering application FMS-FEEDBACK-SERVICE with eureka with status DOWN
2020-05-01 19:40:07,055 WARN [Thread-2] c.n.d.DiscoveryClient [DiscoveryClient.java:1328] Saw local status change event StatusChangeEvent [timestamp=1588342207055, current=DOWN, previous=UP]
2020-05-01 19:40:07,055 INFO [DiscoveryClient-InstanceInfoReplicator-0] c.n.d.DiscoveryClient [DiscoveryClient.java:847] DiscoveryClient_FMS-FEEDBACK-SERVICE/DESKTOP-1QKKEMV:fms-feedback-service:8083: registering service...
2020-05-01 19:40:07,060 INFO [DiscoveryClient-InstanceInfoReplicator-0] c.n.d.DiscoveryClient [DiscoveryClient.java:856] DiscoveryClient_FMS-FEEDBACK-SERVICE/DESKTOP-1QKKEMV:fms-feedback-service:8083 - registration status: 204
2020-05-01 19:40:07,068 INFO [Thread-2] o.s.s.c.ThreadPoolTaskExecutor [ExecutorConfigurationSupport.java:218] Shutting down ExecutorService 'applicationTaskExecutor'
2020-05-01 19:40:07,077 INFO [Thread-2] c.n.d.DiscoveryClient [DiscoveryClient.java:909] Shutting down DiscoveryClient ...
2020-05-01 19:40:10,085 INFO [Thread-2] c.n.d.DiscoveryClient [DiscoveryClient.java:945] Unregistering ...
2020-05-01 19:40:10,095 INFO [Thread-2] c.n.d.DiscoveryClient [DiscoveryClient.java:947] DiscoveryClient_FMS-FEEDBACK-SERVICE/DESKTOP-1QKKEMV:fms-feedback-service:8083 - deregister  status: 200
2020-05-01 19:40:10,117 INFO [Thread-2] c.n.d.DiscoveryClient [DiscoveryClient.java:934] Completed shut down of DiscoveryClient
2020-05-01 19:40:10,815 INFO [restartedMain] c.f.FmsFeedbackClientApplication [SpringApplication.java:651] No active profile set, falling back to default profiles: default
2020-05-01 19:40:10,993 INFO [restartedMain] o.s.d.r.c.RepositoryConfigurationDelegate [RepositoryConfigurationDelegate.java:127] Bootstrapping Spring Data MongoDB repositories in DEFAULT mode.
2020-05-01 19:40:11,004 INFO [restartedMain] o.s.d.r.c.RepositoryConfigurationDelegate [RepositoryConfigurationDelegate.java:187] Finished Spring Data repository scanning in 10ms. Found 5 MongoDB repository interfaces.
2020-05-01 19:40:11,055 INFO [restartedMain] o.s.c.c.s.GenericScope [GenericScope.java:295] BeanFactory id=a24fa803-efd1-3cfd-8471-02d568108464
2020-05-01 19:40:11,160 INFO [restartedMain] o.s.b.w.e.t.TomcatWebServer [TomcatWebServer.java:92] Tomcat initialized with port(s): 8083 (http)
2020-05-01 19:40:11,160 INFO [restartedMain] o.a.c.h.Http11NioProtocol [DirectJDKLog.java:173] Initializing ProtocolHandler ["http-nio-8083"]
2020-05-01 19:40:11,160 INFO [restartedMain] o.a.c.c.StandardService [DirectJDKLog.java:173] Starting service [Tomcat]
2020-05-01 19:40:11,161 INFO [restartedMain] o.a.c.c.StandardEngine [DirectJDKLog.java:173] Starting Servlet engine: [Apache Tomcat/9.0.33]
2020-05-01 19:40:11,174 INFO [restartedMain] o.a.c.c.C.[.[.[/] [DirectJDKLog.java:173] Initializing Spring embedded WebApplicationContext
2020-05-01 19:40:11,174 INFO [restartedMain] o.s.w.c.ContextLoader [ServletWebServerApplicationContext.java:284] Root WebApplicationContext: initialization completed in 358 ms
2020-05-01 19:40:11,190 INFO [restartedMain] o.m.d.cluster [SLF4JLogger.java:71] Cluster created with settings {hosts=[localhost:27017], mode=SINGLE, requiredClusterType=UNKNOWN, serverSelectionTimeout='30000 ms', maxWaitQueueSize=500}
2020-05-01 19:40:11,194 INFO [cluster-ClusterId{value='5eac2dc319de771d5e0e7d0d', description='null'}-localhost:27017] o.m.d.connection [SLF4JLogger.java:71] Opened connection [connectionId{localValue:2, serverValue:244}] to localhost:27017
2020-05-01 19:40:11,195 INFO [cluster-ClusterId{value='5eac2dc319de771d5e0e7d0d', description='null'}-localhost:27017] o.m.d.cluster [SLF4JLogger.java:71] Monitor thread successfully connected to server with description ServerDescription{address=localhost:27017, type=STANDALONE, state=CONNECTED, ok=true, version=ServerVersion{versionList=[4, 2, 5]}, minWireVersion=0, maxWireVersion=8, maxDocumentSize=16777216, logicalSessionTimeoutMinutes=30, roundTripTimeNanos=301600}
2020-05-01 19:40:11,202 WARN [restartedMain] o.s.d.m.c.m.BasicMongoPersistentProperty [BasicMongoPersistentProperty.java:86] Customizing field name for id property 'com.fms.model.Events.eventId' is not allowed! Custom name ('eventId') will not be considered!
2020-05-01 19:40:11,205 WARN [restartedMain] o.s.d.m.c.m.BasicMongoPersistentProperty [BasicMongoPersistentProperty.java:86] Customizing field name for id property 'com.fms.model.pocDetails.pocId' is not allowed! Custom name ('pocId') will not be considered!
2020-05-01 19:40:11,213 WARN [restartedMain] o.s.b.d.a.OptionalLiveReloadServer [OptionalLiveReloadServer.java:61] Unable to start LiveReload server
2020-05-01 19:40:11,223 WARN [restartedMain] o.s.d.m.c.m.BasicMongoPersistentProperty [BasicMongoPersistentProperty.java:86] Customizing field name for id property 'com.fms.model.VolunteerDetails.id' is not allowed! Custom name ('volunteerId') will not be considered!
2020-05-01 19:40:11,274 WARN [restartedMain] c.n.c.s.URLConfigurationSource [URLConfigurationSource.java:121] No URLs will be polled as dynamic configuration sources.
2020-05-01 19:40:11,274 INFO [restartedMain] c.n.c.s.URLConfigurationSource [URLConfigurationSource.java:122] To enable URLs as dynamic configuration sources, define System property archaius.configurationSource.additionalUrls or make config.properties available on classpath.
2020-05-01 19:40:11,321 INFO [restartedMain] o.s.s.c.ThreadPoolTaskExecutor [ExecutorConfigurationSupport.java:181] Initializing ExecutorService 'applicationTaskExecutor'
2020-05-01 19:40:11,674 WARN [restartedMain] o.s.c.l.c.BlockingLoadBalancerClientAutoConfiguration$BlockingLoadBalancerClientRibbonWarnLogger [BlockingLoadBalancerClientAutoConfiguration.java:86] You already have RibbonLoadBalancerClient on your classpath. It will be used by default. As Spring Cloud Ribbon is in maintenance mode. We recommend switching to BlockingLoadBalancerClient instead. In order to use it, set the value of `spring.cloud.loadbalancer.ribbon.enabled` to `false` or remove spring-cloud-starter-netflix-ribbon from your project.
2020-05-01 19:40:11,696 INFO [restartedMain] o.s.c.n.e.InstanceInfoFactory [InstanceInfoFactory.java:72] Setting initial instance status as: STARTING
2020-05-01 19:40:11,698 INFO [restartedMain] c.n.d.DiscoveryClient [DiscoveryClient.java:368] Initializing Eureka in region us-east-1
2020-05-01 19:40:11,702 INFO [restartedMain] c.n.d.p.DiscoveryJerseyProvider [DiscoveryJerseyProvider.java:70] Using JSON encoding codec LegacyJacksonJson
2020-05-01 19:40:11,702 INFO [restartedMain] c.n.d.p.DiscoveryJerseyProvider [DiscoveryJerseyProvider.java:71] Using JSON decoding codec LegacyJacksonJson
2020-05-01 19:40:11,702 INFO [restartedMain] c.n.d.p.DiscoveryJerseyProvider [DiscoveryJerseyProvider.java:80] Using XML encoding codec XStreamXml
2020-05-01 19:40:11,702 INFO [restartedMain] c.n.d.p.DiscoveryJerseyProvider [DiscoveryJerseyProvider.java:81] Using XML decoding codec XStreamXml
2020-05-01 19:40:11,747 INFO [restartedMain] c.n.d.s.r.a.ConfigClusterResolver [ConfigClusterResolver.java:43] Resolving eureka endpoints via configuration
2020-05-01 19:40:11,748 INFO [restartedMain] c.n.d.DiscoveryClient [DiscoveryClient.java:981] Disable delta property : false
2020-05-01 19:40:11,748 INFO [restartedMain] c.n.d.DiscoveryClient [DiscoveryClient.java:982] Single vip registry refresh property : null
2020-05-01 19:40:11,748 INFO [restartedMain] c.n.d.DiscoveryClient [DiscoveryClient.java:983] Force full registry fetch : false
2020-05-01 19:40:11,748 INFO [restartedMain] c.n.d.DiscoveryClient [DiscoveryClient.java:984] Application is null : false
2020-05-01 19:40:11,748 INFO [restartedMain] c.n.d.DiscoveryClient [DiscoveryClient.java:985] Registered Applications size is zero : true
2020-05-01 19:40:11,748 INFO [restartedMain] c.n.d.DiscoveryClient [DiscoveryClient.java:987] Application version is -1: true
2020-05-01 19:40:11,748 INFO [restartedMain] c.n.d.DiscoveryClient [DiscoveryClient.java:1070] Getting all instance registry info from the eureka server
2020-05-01 19:40:11,750 INFO [restartedMain] c.n.d.DiscoveryClient [DiscoveryClient.java:1079] The response status is 200
2020-05-01 19:40:11,751 INFO [restartedMain] c.n.d.DiscoveryClient [DiscoveryClient.java:1294] Starting heartbeat executor: renew interval is: 30
2020-05-01 19:40:11,752 INFO [restartedMain] c.n.d.InstanceInfoReplicator [InstanceInfoReplicator.java:60] InstanceInfoReplicator onDemand update allowed rate per min is 4
2020-05-01 19:40:11,753 INFO [restartedMain] c.n.d.DiscoveryClient [DiscoveryClient.java:468] Discovery Client initialized at timestamp 1588342211753 with initial instances count: 3
2020-05-01 19:40:11,753 INFO [restartedMain] o.s.c.n.e.s.EurekaServiceRegistry [EurekaServiceRegistry.java:41] Registering application FMS-FEEDBACK-SERVICE with eureka with status UP
2020-05-01 19:40:11,753 INFO [restartedMain] c.n.d.DiscoveryClient [DiscoveryClient.java:1330] Saw local status change event StatusChangeEvent [timestamp=1588342211753, current=UP, previous=STARTING]
2020-05-01 19:40:11,754 INFO [DiscoveryClient-InstanceInfoReplicator-0] c.n.d.DiscoveryClient [DiscoveryClient.java:847] DiscoveryClient_FMS-FEEDBACK-SERVICE/DESKTOP-1QKKEMV:fms-feedback-service:8083: registering service...
2020-05-01 19:40:11,758 INFO [DiscoveryClient-InstanceInfoReplicator-0] c.n.d.DiscoveryClient [DiscoveryClient.java:856] DiscoveryClient_FMS-FEEDBACK-SERVICE/DESKTOP-1QKKEMV:fms-feedback-service:8083 - registration status: 204
2020-05-01 19:40:11,759 INFO [restartedMain] o.a.c.h.Http11NioProtocol [DirectJDKLog.java:173] Starting ProtocolHandler ["http-nio-8083"]
2020-05-01 19:40:11,762 INFO [restartedMain] o.s.b.w.e.t.TomcatWebServer [TomcatWebServer.java:204] Tomcat started on port(s): 8083 (http) with context path ''
2020-05-01 19:40:11,762 INFO [restartedMain] o.s.c.n.e.s.EurekaAutoServiceRegistration [EurekaAutoServiceRegistration.java:145] Updating port to 8083
2020-05-01 19:40:11,915 INFO [restartedMain] c.f.FmsFeedbackClientApplication [StartupInfoLogger.java:61] Started FmsFeedbackClientApplication in 1.504 seconds (JVM running for 7426.625)
2020-05-01 19:40:11,917 INFO [restartedMain] o.s.b.d.a.ConditionEvaluationDeltaLoggingListener [ConditionEvaluationDeltaLoggingListener.java:63] Condition evaluation unchanged
2020-05-01 19:40:45,852 INFO [http-nio-8083-exec-2] o.a.c.c.C.[.[.[/] [DirectJDKLog.java:173] Initializing Spring DispatcherServlet 'dispatcherServlet'
2020-05-01 19:40:45,852 INFO [http-nio-8083-exec-2] o.s.w.s.DispatcherServlet [FrameworkServlet.java:525] Initializing Servlet 'dispatcherServlet'
2020-05-01 19:40:45,857 INFO [http-nio-8083-exec-2] o.s.w.s.DispatcherServlet [FrameworkServlet.java:547] Completed initialization in 5 ms
2020-05-01 19:40:45,965 INFO [http-nio-8083-exec-2] o.m.d.connection [SLF4JLogger.java:71] Opened connection [connectionId{localValue:3, serverValue:245}] to localhost:27017
2020-05-01 19:45:11,751 INFO [AsyncResolver-bootstrap-executor-0] c.n.d.s.r.a.ConfigClusterResolver [ConfigClusterResolver.java:43] Resolving eureka endpoints via configuration
2020-05-01 19:45:15,815 ERROR [DiscoveryClient-CacheRefreshExecutor-0] c.n.d.s.t.d.RedirectingEurekaHttpClient [RedirectingEurekaHttpClient.java:91] Request execution error. endpoint=DefaultEndpoint{ serviceUrl='http://localhost:8761/eureka/}
com.sun.jersey.api.client.ClientHandlerException: java.net.ConnectException: Connection refused: connect
	at com.sun.jersey.client.apache4.ApacheHttpClient4Handler.handle(ApacheHttpClient4Handler.java:187)
	at com.sun.jersey.api.client.filter.GZIPContentEncodingFilter.handle(GZIPContentEncodingFilter.java:123)
	at com.netflix.discovery.EurekaIdentityHeaderFilter.handle(EurekaIdentityHeaderFilter.java:27)
	at com.sun.jersey.api.client.Client.handle(Client.java:652)
	at com.sun.jersey.api.client.WebResource.handle(WebResource.java:682)
	at com.sun.jersey.api.client.WebResource.access$200(WebResource.java:74)
	at com.sun.jersey.api.client.WebResource$Builder.get(WebResource.java:509)
	at com.netflix.discovery.shared.transport.jersey.AbstractJerseyEurekaHttpClient.getApplicationsInternal(AbstractJerseyEurekaHttpClient.java:196)
	at com.netflix.discovery.shared.transport.jersey.AbstractJerseyEurekaHttpClient.getDelta(AbstractJerseyEurekaHttpClient.java:172)
	at com.netflix.discovery.shared.transport.decorator.EurekaHttpClientDecorator$7.execute(EurekaHttpClientDecorator.java:152)
	at com.netflix.discovery.shared.transport.decorator.MetricsCollectingEurekaHttpClient.execute(MetricsCollectingEurekaHttpClient.java:73)
	at com.netflix.discovery.shared.transport.decorator.EurekaHttpClientDecorator.getDelta(EurekaHttpClientDecorator.java:149)
	at com.netflix.discovery.shared.transport.decorator.EurekaHttpClientDecorator$7.execute(EurekaHttpClientDecorator.java:152)
	at com.netflix.discovery.shared.transport.decorator.RedirectingEurekaHttpClient.execute(RedirectingEurekaHttpClient.java:89)
	at com.netflix.discovery.shared.transport.decorator.EurekaHttpClientDecorator.getDelta(EurekaHttpClientDecorator.java:149)
	at com.netflix.discovery.shared.transport.decorator.EurekaHttpClientDecorator$7.execute(EurekaHttpClientDecorator.java:152)
	at com.netflix.discovery.shared.transport.decorator.RetryableEurekaHttpClient.execute(RetryableEurekaHttpClient.java:120)
	at com.netflix.discovery.shared.transport.decorator.EurekaHttpClientDecorator.getDelta(EurekaHttpClientDecorator.java:149)
	at com.netflix.discovery.shared.transport.decorator.EurekaHttpClientDecorator$7.execute(EurekaHttpClientDecorator.java:152)
	at com.netflix.discovery.shared.transport.decorator.SessionedEurekaHttpClient.execute(SessionedEurekaHttpClient.java:77)
	at com.netflix.discovery.shared.transport.decorator.EurekaHttpClientDecorator.getDelta(EurekaHttpClientDecorator.java:149)
	at com.netflix.discovery.DiscoveryClient.getAndUpdateDelta(DiscoveryClient.java:1108)
	at com.netflix.discovery.DiscoveryClient.fetchRegistry(DiscoveryClient.java:990)
	at com.netflix.discovery.DiscoveryClient.refreshRegistry(DiscoveryClient.java:1510)
	at com.netflix.discovery.DiscoveryClient$CacheRefreshThread.run(DiscoveryClient.java:1477)
	at java.util.concurrent.Executors$RunnableAdapter.call(Unknown Source)
	at java.util.concurrent.FutureTask.run(Unknown Source)
	at java.util.concurrent.ThreadPoolExecutor.runWorker(Unknown Source)
	at java.util.concurrent.ThreadPoolExecutor$Worker.run(Unknown Source)
	at java.lang.Thread.run(Unknown Source)
Caused by: java.net.ConnectException: Connection refused: connect
	at java.net.DualStackPlainSocketImpl.waitForConnect(Native Method)
	at java.net.DualStackPlainSocketImpl.socketConnect(Unknown Source)
	at java.net.AbstractPlainSocketImpl.doConnect(Unknown Source)
	at java.net.AbstractPlainSocketImpl.connectToAddress(Unknown Source)
	at java.net.AbstractPlainSocketImpl.connect(Unknown Source)
	at java.net.PlainSocketImpl.connect(Unknown Source)
	at java.net.SocksSocketImpl.connect(Unknown Source)
	at java.net.Socket.connect(Unknown Source)
	at org.apache.http.conn.scheme.PlainSocketFactory.connectSocket(PlainSocketFactory.java:121)
	at org.apache.http.impl.conn.DefaultClientConnectionOperator.openConnection(DefaultClientConnectionOperator.java:180)
	at org.apache.http.impl.conn.AbstractPoolEntry.open(AbstractPoolEntry.java:144)
	at org.apache.http.impl.conn.AbstractPooledConnAdapter.open(AbstractPooledConnAdapter.java:134)
	at org.apache.http.impl.client.DefaultRequestDirector.tryConnect(DefaultRequestDirector.java:605)
	at org.apache.http.impl.client.DefaultRequestDirector.execute(DefaultRequestDirector.java:440)
	at org.apache.http.impl.client.AbstractHttpClient.doExecute(AbstractHttpClient.java:835)
	at org.apache.http.impl.client.CloseableHttpClient.execute(CloseableHttpClient.java:118)
	at org.apache.http.impl.client.CloseableHttpClient.execute(CloseableHttpClient.java:56)
	at com.sun.jersey.client.apache4.ApacheHttpClient4Handler.handle(ApacheHttpClient4Handler.java:173)
	... 29 common frames omitted
2020-05-01 19:45:15,815 WARN [DiscoveryClient-CacheRefreshExecutor-0] c.n.d.s.t.d.RetryableEurekaHttpClient [RetryableEurekaHttpClient.java:130] Request execution failed with message: java.net.ConnectException: Connection refused: connect
2020-05-01 19:45:15,836 ERROR [DiscoveryClient-HeartbeatExecutor-0] c.n.d.s.t.d.RedirectingEurekaHttpClient [RedirectingEurekaHttpClient.java:91] Request execution error. endpoint=DefaultEndpoint{ serviceUrl='http://localhost:8761/eureka/}
com.sun.jersey.api.client.ClientHandlerException: java.net.ConnectException: Connection refused: connect
	at com.sun.jersey.client.apache4.ApacheHttpClient4Handler.handle(ApacheHttpClient4Handler.java:187)
	at com.sun.jersey.api.client.filter.GZIPContentEncodingFilter.handle(GZIPContentEncodingFilter.java:123)
	at com.netflix.discovery.EurekaIdentityHeaderFilter.handle(EurekaIdentityHeaderFilter.java:27)
	at com.sun.jersey.api.client.Client.handle(Client.java:652)
	at com.sun.jersey.api.client.WebResource.handle(WebResource.java:682)
	at com.sun.jersey.api.client.WebResource.access$200(WebResource.java:74)
	at com.sun.jersey.api.client.WebResource$Builder.put(WebResource.java:529)
	at com.netflix.discovery.shared.transport.jersey.AbstractJerseyEurekaHttpClient.sendHeartBeat(AbstractJerseyEurekaHttpClient.java:103)
	at com.netflix.discovery.shared.transport.decorator.EurekaHttpClientDecorator$3.execute(EurekaHttpClientDecorator.java:92)
	at com.netflix.discovery.shared.transport.decorator.MetricsCollectingEurekaHttpClient.execute(MetricsCollectingEurekaHttpClient.java:73)
	at com.netflix.discovery.shared.transport.decorator.EurekaHttpClientDecorator.sendHeartBeat(EurekaHttpClientDecorator.java:89)
	at com.netflix.discovery.shared.transport.decorator.EurekaHttpClientDecorator$3.execute(EurekaHttpClientDecorator.java:92)
	at com.netflix.discovery.shared.transport.decorator.RedirectingEurekaHttpClient.execute(RedirectingEurekaHttpClient.java:89)
	at com.netflix.discovery.shared.transport.decorator.EurekaHttpClientDecorator.sendHeartBeat(EurekaHttpClientDecorator.java:89)
	at com.netflix.discovery.shared.transport.decorator.EurekaHttpClientDecorator$3.execute(EurekaHttpClientDecorator.java:92)
	at com.netflix.discovery.shared.transport.decorator.RetryableEurekaHttpClient.execute(RetryableEurekaHttpClient.java:120)
	at com.netflix.discovery.shared.transport.decorator.EurekaHttpClientDecorator.sendHeartBeat(EurekaHttpClientDecorator.java:89)
	at com.netflix.discovery.shared.transport.decorator.EurekaHttpClientDecorator$3.execute(EurekaHttpClientDecorator.java:92)
	at com.netflix.discovery.shared.transport.decorator.SessionedEurekaHttpClient.execute(SessionedEurekaHttpClient.java:77)
	at com.netflix.discovery.shared.transport.decorator.EurekaHttpClientDecorator.sendHeartBeat(EurekaHttpClientDecorator.java:89)
	at com.netflix.discovery.DiscoveryClient.renew(DiscoveryClient.java:867)
	at com.netflix.discovery.DiscoveryClient$HeartbeatThread.run(DiscoveryClient.java:1436)
	at java.util.concurrent.Executors$RunnableAdapter.call(Unknown Source)
	at java.util.concurrent.FutureTask.run(Unknown Source)
	at java.util.concurrent.ThreadPoolExecutor.runWorker(Unknown Source)
	at java.util.concurrent.ThreadPoolExecutor$Worker.run(Unknown Source)
	at java.lang.Thread.run(Unknown Source)
Caused by: java.net.ConnectException: Connection refused: connect
	at java.net.DualStackPlainSocketImpl.waitForConnect(Native Method)
	at java.net.DualStackPlainSocketImpl.socketConnect(Unknown Source)
	at java.net.AbstractPlainSocketImpl.doConnect(Unknown Source)
	at java.net.AbstractPlainSocketImpl.connectToAddress(Unknown Source)
	at java.net.AbstractPlainSocketImpl.connect(Unknown Source)
	at java.net.PlainSocketImpl.connect(Unknown Source)
	at java.net.SocksSocketImpl.connect(Unknown Source)
	at java.net.Socket.connect(Unknown Source)
	at org.apache.http.conn.scheme.PlainSocketFactory.connectSocket(PlainSocketFactory.java:121)
	at org.apache.http.impl.conn.DefaultClientConnectionOperator.openConnection(DefaultClientConnectionOperator.java:180)
	at org.apache.http.impl.conn.AbstractPoolEntry.open(AbstractPoolEntry.java:144)
	at org.apache.http.impl.conn.AbstractPooledConnAdapter.open(AbstractPooledConnAdapter.java:134)
	at org.apache.http.impl.client.DefaultRequestDirector.tryConnect(DefaultRequestDirector.java:605)
	at org.apache.http.impl.client.DefaultRequestDirector.execute(DefaultRequestDirector.java:440)
	at org.apache.http.impl.client.AbstractHttpClient.doExecute(AbstractHttpClient.java:835)
	at org.apache.http.impl.client.CloseableHttpClient.execute(CloseableHttpClient.java:118)
	at org.apache.http.impl.client.CloseableHttpClient.execute(CloseableHttpClient.java:56)
	at com.sun.jersey.client.apache4.ApacheHttpClient4Handler.handle(ApacheHttpClient4Handler.java:173)
	... 26 common frames omitted
2020-05-01 19:45:15,836 WARN [DiscoveryClient-HeartbeatExecutor-0] c.n.d.s.t.d.RetryableEurekaHttpClient [RetryableEurekaHttpClient.java:130] Request execution failed with message: java.net.ConnectException: Connection refused: connect
2020-05-01 19:45:19,842 ERROR [DiscoveryClient-HeartbeatExecutor-0] c.n.d.s.t.d.RedirectingEurekaHttpClient [RedirectingEurekaHttpClient.java:83] Request execution error. endpoint=DefaultEndpoint{ serviceUrl='http://localhost:8761/eureka/}
com.sun.jersey.api.client.ClientHandlerException: java.net.ConnectException: Connection refused: connect
	at com.sun.jersey.client.apache4.ApacheHttpClient4Handler.handle(ApacheHttpClient4Handler.java:187)
	at com.sun.jersey.api.client.filter.GZIPContentEncodingFilter.handle(GZIPContentEncodingFilter.java:123)
	at com.netflix.discovery.EurekaIdentityHeaderFilter.handle(EurekaIdentityHeaderFilter.java:27)
	at com.sun.jersey.api.client.Client.handle(Client.java:652)
	at com.sun.jersey.api.client.WebResource.handle(WebResource.java:682)
	at com.sun.jersey.api.client.WebResource.access$200(WebResource.java:74)
	at com.sun.jersey.api.client.WebResource$Builder.put(WebResource.java:529)
	at com.netflix.discovery.shared.transport.jersey.AbstractJerseyEurekaHttpClient.sendHeartBeat(AbstractJerseyEurekaHttpClient.java:103)
	at com.netflix.discovery.shared.transport.decorator.EurekaHttpClientDecorator$3.execute(EurekaHttpClientDecorator.java:92)
	at com.netflix.discovery.shared.transport.decorator.MetricsCollectingEurekaHttpClient.execute(MetricsCollectingEurekaHttpClient.java:73)
	at com.netflix.discovery.shared.transport.decorator.EurekaHttpClientDecorator.sendHeartBeat(EurekaHttpClientDecorator.java:89)
	at com.netflix.discovery.shared.transport.decorator.EurekaHttpClientDecorator$3.execute(EurekaHttpClientDecorator.java:92)
	at com.netflix.discovery.shared.transport.decorator.RedirectingEurekaHttpClient.executeOnNewServer(RedirectingEurekaHttpClient.java:118)
	at com.netflix.discovery.shared.transport.decorator.RedirectingEurekaHttpClient.execute(RedirectingEurekaHttpClient.java:79)
	at com.netflix.discovery.shared.transport.decorator.EurekaHttpClientDecorator.sendHeartBeat(EurekaHttpClientDecorator.java:89)
	at com.netflix.discovery.shared.transport.decorator.EurekaHttpClientDecorator$3.execute(EurekaHttpClientDecorator.java:92)
	at com.netflix.discovery.shared.transport.decorator.RetryableEurekaHttpClient.execute(RetryableEurekaHttpClient.java:120)
	at com.netflix.discovery.shared.transport.decorator.EurekaHttpClientDecorator.sendHeartBeat(EurekaHttpClientDecorator.java:89)
	at com.netflix.discovery.shared.transport.decorator.EurekaHttpClientDecorator$3.execute(EurekaHttpClientDecorator.java:92)
	at com.netflix.discovery.shared.transport.decorator.SessionedEurekaHttpClient.execute(SessionedEurekaHttpClient.java:77)
	at com.netflix.discovery.shared.transport.decorator.EurekaHttpClientDecorator.sendHeartBeat(EurekaHttpClientDecorator.java:89)
	at com.netflix.discovery.DiscoveryClient.renew(DiscoveryClient.java:867)
	at com.netflix.discovery.DiscoveryClient$HeartbeatThread.run(DiscoveryClient.java:1436)
	at java.util.concurrent.Executors$RunnableAdapter.call(Unknown Source)
	at java.util.concurrent.FutureTask.run(Unknown Source)
	at java.util.concurrent.ThreadPoolExecutor.runWorker(Unknown Source)
	at java.util.concurrent.ThreadPoolExecutor$Worker.run(Unknown Source)
	at java.lang.Thread.run(Unknown Source)
Caused by: java.net.ConnectException: Connection refused: connect
	at java.net.DualStackPlainSocketImpl.waitForConnect(Native Method)
	at java.net.DualStackPlainSocketImpl.socketConnect(Unknown Source)
	at java.net.AbstractPlainSocketImpl.doConnect(Unknown Source)
	at java.net.AbstractPlainSocketImpl.connectToAddress(Unknown Source)
	at java.net.AbstractPlainSocketImpl.connect(Unknown Source)
	at java.net.PlainSocketImpl.connect(Unknown Source)
	at java.net.SocksSocketImpl.connect(Unknown Source)
	at java.net.Socket.connect(Unknown Source)
	at org.apache.http.conn.scheme.PlainSocketFactory.connectSocket(PlainSocketFactory.java:121)
	at org.apache.http.impl.conn.DefaultClientConnectionOperator.openConnection(DefaultClientConnectionOperator.java:180)
	at org.apache.http.impl.conn.AbstractPoolEntry.open(AbstractPoolEntry.java:144)
	at org.apache.http.impl.conn.AbstractPooledConnAdapter.open(AbstractPooledConnAdapter.java:134)
	at org.apache.http.impl.client.DefaultRequestDirector.tryConnect(DefaultRequestDirector.java:605)
	at org.apache.http.impl.client.DefaultRequestDirector.execute(DefaultRequestDirector.java:440)
	at org.apache.http.impl.client.AbstractHttpClient.doExecute(AbstractHttpClient.java:835)
	at org.apache.http.impl.client.CloseableHttpClient.execute(CloseableHttpClient.java:118)
	at org.apache.http.impl.client.CloseableHttpClient.execute(CloseableHttpClient.java:56)
	at com.sun.jersey.client.apache4.ApacheHttpClient4Handler.handle(ApacheHttpClient4Handler.java:173)
	... 27 common frames omitted
2020-05-01 19:45:19,843 WARN [DiscoveryClient-HeartbeatExecutor-0] c.n.d.s.t.d.RetryableEurekaHttpClient [RetryableEurekaHttpClient.java:130] Request execution failed with message: java.net.ConnectException: Connection refused: connect
2020-05-01 19:45:19,844 ERROR [DiscoveryClient-CacheRefreshExecutor-0] c.n.d.s.t.d.RedirectingEurekaHttpClient [RedirectingEurekaHttpClient.java:83] Request execution error. endpoint=DefaultEndpoint{ serviceUrl='http://localhost:8761/eureka/}
com.sun.jersey.api.client.ClientHandlerException: java.net.ConnectException: Connection refused: connect
	at com.sun.jersey.client.apache4.ApacheHttpClient4Handler.handle(ApacheHttpClient4Handler.java:187)
	at com.sun.jersey.api.client.filter.GZIPContentEncodingFilter.handle(GZIPContentEncodingFilter.java:123)
	at com.netflix.discovery.EurekaIdentityHeaderFilter.handle(EurekaIdentityHeaderFilter.java:27)
	at com.sun.jersey.api.client.Client.handle(Client.java:652)
	at com.sun.jersey.api.client.WebResource.handle(WebResource.java:682)
	at com.sun.jersey.api.client.WebResource.access$200(WebResource.java:74)
	at com.sun.jersey.api.client.WebResource$Builder.get(WebResource.java:509)
	at com.netflix.discovery.shared.transport.jersey.AbstractJerseyEurekaHttpClient.getApplicationsInternal(AbstractJerseyEurekaHttpClient.java:196)
	at com.netflix.discovery.shared.transport.jersey.AbstractJerseyEurekaHttpClient.getDelta(AbstractJerseyEurekaHttpClient.java:172)
	at com.netflix.discovery.shared.transport.decorator.EurekaHttpClientDecorator$7.execute(EurekaHttpClientDecorator.java:152)
	at com.netflix.discovery.shared.transport.decorator.MetricsCollectingEurekaHttpClient.execute(MetricsCollectingEurekaHttpClient.java:73)
	at com.netflix.discovery.shared.transport.decorator.EurekaHttpClientDecorator.getDelta(EurekaHttpClientDecorator.java:149)
	at com.netflix.discovery.shared.transport.decorator.EurekaHttpClientDecorator$7.execute(EurekaHttpClientDecorator.java:152)
	at com.netflix.discovery.shared.transport.decorator.RedirectingEurekaHttpClient.executeOnNewServer(RedirectingEurekaHttpClient.java:118)
	at com.netflix.discovery.shared.transport.decorator.RedirectingEurekaHttpClient.execute(RedirectingEurekaHttpClient.java:79)
	at com.netflix.discovery.shared.transport.decorator.EurekaHttpClientDecorator.getDelta(EurekaHttpClientDecorator.java:149)
	at com.netflix.discovery.shared.transport.decorator.EurekaHttpClientDecorator$7.execute(EurekaHttpClientDecorator.java:152)
	at com.netflix.discovery.shared.transport.decorator.RetryableEurekaHttpClient.execute(RetryableEurekaHttpClient.java:120)
	at com.netflix.discovery.shared.transport.decorator.EurekaHttpClientDecorator.getDelta(EurekaHttpClientDecorator.java:149)
	at com.netflix.discovery.shared.transport.decorator.EurekaHttpClientDecorator$7.execute(EurekaHttpClientDecorator.java:152)
	at com.netflix.discovery.shared.transport.decorator.SessionedEurekaHttpClient.execute(SessionedEurekaHttpClient.java:77)
	at com.netflix.discovery.shared.transport.decorator.EurekaHttpClientDecorator.getDelta(EurekaHttpClientDecorator.java:149)
	at com.netflix.discovery.DiscoveryClient.getAndUpdateDelta(DiscoveryClient.java:1108)
	at com.netflix.discovery.DiscoveryClient.fetchRegistry(DiscoveryClient.java:990)
	at com.netflix.discovery.DiscoveryClient.refreshRegistry(DiscoveryClient.java:1510)
	at com.netflix.discovery.DiscoveryClient$CacheRefreshThread.run(DiscoveryClient.java:1477)
	at java.util.concurrent.Executors$RunnableAdapter.call(Unknown Source)
	at java.util.concurrent.FutureTask.run(Unknown Source)
	at java.util.concurrent.ThreadPoolExecutor.runWorker(Unknown Source)
	at java.util.concurrent.ThreadPoolExecutor$Worker.run(Unknown Source)
	at java.lang.Thread.run(Unknown Source)
Caused by: java.net.ConnectException: Connection refused: connect
	at java.net.DualStackPlainSocketImpl.waitForConnect(Native Method)
	at java.net.DualStackPlainSocketImpl.socketConnect(Unknown Source)
	at java.net.AbstractPlainSocketImpl.doConnect(Unknown Source)
	at java.net.AbstractPlainSocketImpl.connectToAddress(Unknown Source)
	at java.net.AbstractPlainSocketImpl.connect(Unknown Source)
	at java.net.PlainSocketImpl.connect(Unknown Source)
	at java.net.SocksSocketImpl.connect(Unknown Source)
	at java.net.Socket.connect(Unknown Source)
	at org.apache.http.conn.scheme.PlainSocketFactory.connectSocket(PlainSocketFactory.java:121)
	at org.apache.http.impl.conn.DefaultClientConnectionOperator.openConnection(DefaultClientConnectionOperator.java:180)
	at org.apache.http.impl.conn.AbstractPoolEntry.open(AbstractPoolEntry.java:144)
	at org.apache.http.impl.conn.AbstractPooledConnAdapter.open(AbstractPooledConnAdapter.java:134)
	at org.apache.http.impl.client.DefaultRequestDirector.tryConnect(DefaultRequestDirector.java:605)
	at org.apache.http.impl.client.DefaultRequestDirector.execute(DefaultRequestDirector.java:440)
	at org.apache.http.impl.client.AbstractHttpClient.doExecute(AbstractHttpClient.java:835)
	at org.apache.http.impl.client.CloseableHttpClient.execute(CloseableHttpClient.java:118)
	at org.apache.http.impl.client.CloseableHttpClient.execute(CloseableHttpClient.java:56)
	at com.sun.jersey.client.apache4.ApacheHttpClient4Handler.handle(ApacheHttpClient4Handler.java:173)
	... 30 common frames omitted
2020-05-01 19:45:19,847 WARN [DiscoveryClient-CacheRefreshExecutor-0] c.n.d.s.t.d.RetryableEurekaHttpClient [RetryableEurekaHttpClient.java:130] Request execution failed with message: java.net.ConnectException: Connection refused: connect
2020-05-01 19:45:19,848 ERROR [DiscoveryClient-CacheRefreshExecutor-0] c.n.d.DiscoveryClient [DiscoveryClient.java:995] DiscoveryClient_FMS-FEEDBACK-SERVICE/DESKTOP-1QKKEMV:fms-feedback-service:8083 - was unable to refresh its cache! status = Cannot execute request on any known server
com.netflix.discovery.shared.transport.TransportException: Cannot execute request on any known server
	at com.netflix.discovery.shared.transport.decorator.RetryableEurekaHttpClient.execute(RetryableEurekaHttpClient.java:112)
	at com.netflix.discovery.shared.transport.decorator.EurekaHttpClientDecorator.getDelta(EurekaHttpClientDecorator.java:149)
	at com.netflix.discovery.shared.transport.decorator.EurekaHttpClientDecorator$7.execute(EurekaHttpClientDecorator.java:152)
	at com.netflix.discovery.shared.transport.decorator.SessionedEurekaHttpClient.execute(SessionedEurekaHttpClient.java:77)
	at com.netflix.discovery.shared.transport.decorator.EurekaHttpClientDecorator.getDelta(EurekaHttpClientDecorator.java:149)
	at com.netflix.discovery.DiscoveryClient.getAndUpdateDelta(DiscoveryClient.java:1108)
	at com.netflix.discovery.DiscoveryClient.fetchRegistry(DiscoveryClient.java:990)
	at com.netflix.discovery.DiscoveryClient.refreshRegistry(DiscoveryClient.java:1510)
	at com.netflix.discovery.DiscoveryClient$CacheRefreshThread.run(DiscoveryClient.java:1477)
	at java.util.concurrent.Executors$RunnableAdapter.call(Unknown Source)
	at java.util.concurrent.FutureTask.run(Unknown Source)
	at java.util.concurrent.ThreadPoolExecutor.runWorker(Unknown Source)
	at java.util.concurrent.ThreadPoolExecutor$Worker.run(Unknown Source)
	at java.lang.Thread.run(Unknown Source)
2020-05-01 19:45:19,848 ERROR [DiscoveryClient-HeartbeatExecutor-0] c.n.d.DiscoveryClient [DiscoveryClient.java:881] DiscoveryClient_FMS-FEEDBACK-SERVICE/DESKTOP-1QKKEMV:fms-feedback-service:8083 - was unable to send heartbeat!
com.netflix.discovery.shared.transport.TransportException: Cannot execute request on any known server
	at com.netflix.discovery.shared.transport.decorator.RetryableEurekaHttpClient.execute(RetryableEurekaHttpClient.java:112)
	at com.netflix.discovery.shared.transport.decorator.EurekaHttpClientDecorator.sendHeartBeat(EurekaHttpClientDecorator.java:89)
	at com.netflix.discovery.shared.transport.decorator.EurekaHttpClientDecorator$3.execute(EurekaHttpClientDecorator.java:92)
	at com.netflix.discovery.shared.transport.decorator.SessionedEurekaHttpClient.execute(SessionedEurekaHttpClient.java:77)
	at com.netflix.discovery.shared.transport.decorator.EurekaHttpClientDecorator.sendHeartBeat(EurekaHttpClientDecorator.java:89)
	at com.netflix.discovery.DiscoveryClient.renew(DiscoveryClient.java:867)
	at com.netflix.discovery.DiscoveryClient$HeartbeatThread.run(DiscoveryClient.java:1436)
	at java.util.concurrent.Executors$RunnableAdapter.call(Unknown Source)
	at java.util.concurrent.FutureTask.run(Unknown Source)
	at java.util.concurrent.ThreadPoolExecutor.runWorker(Unknown Source)
	at java.util.concurrent.ThreadPoolExecutor$Worker.run(Unknown Source)
	at java.lang.Thread.run(Unknown Source)
2020-05-01 19:45:53,859 ERROR [DiscoveryClient-HeartbeatExecutor-0] c.n.d.s.t.d.RedirectingEurekaHttpClient [RedirectingEurekaHttpClient.java:83] Request execution error. endpoint=DefaultEndpoint{ serviceUrl='http://localhost:8761/eureka/}
com.sun.jersey.api.client.ClientHandlerException: java.net.ConnectException: Connection refused: connect
	at com.sun.jersey.client.apache4.ApacheHttpClient4Handler.handle(ApacheHttpClient4Handler.java:187)
	at com.sun.jersey.api.client.filter.GZIPContentEncodingFilter.handle(GZIPContentEncodingFilter.java:123)
	at com.netflix.discovery.EurekaIdentityHeaderFilter.handle(EurekaIdentityHeaderFilter.java:27)
	at com.sun.jersey.api.client.Client.handle(Client.java:652)
	at com.sun.jersey.api.client.WebResource.handle(WebResource.java:682)
	at com.sun.jersey.api.client.WebResource.access$200(WebResource.java:74)
	at com.sun.jersey.api.client.WebResource$Builder.put(WebResource.java:529)
	at com.netflix.discovery.shared.transport.jersey.AbstractJerseyEurekaHttpClient.sendHeartBeat(AbstractJerseyEurekaHttpClient.java:103)
	at com.netflix.discovery.shared.transport.decorator.EurekaHttpClientDecorator$3.execute(EurekaHttpClientDecorator.java:92)
	at com.netflix.discovery.shared.transport.decorator.MetricsCollectingEurekaHttpClient.execute(MetricsCollectingEurekaHttpClient.java:73)
	at com.netflix.discovery.shared.transport.decorator.EurekaHttpClientDecorator.sendHeartBeat(EurekaHttpClientDecorator.java:89)
	at com.netflix.discovery.shared.transport.decorator.EurekaHttpClientDecorator$3.execute(EurekaHttpClientDecorator.java:92)
	at com.netflix.discovery.shared.transport.decorator.RedirectingEurekaHttpClient.executeOnNewServer(RedirectingEurekaHttpClient.java:118)
	at com.netflix.discovery.shared.transport.decorator.RedirectingEurekaHttpClient.execute(RedirectingEurekaHttpClient.java:79)
	at com.netflix.discovery.shared.transport.decorator.EurekaHttpClientDecorator.sendHeartBeat(EurekaHttpClientDecorator.java:89)
	at com.netflix.discovery.shared.transport.decorator.EurekaHttpClientDecorator$3.execute(EurekaHttpClientDecorator.java:92)
	at com.netflix.discovery.shared.transport.decorator.RetryableEurekaHttpClient.execute(RetryableEurekaHttpClient.java:120)
	at com.netflix.discovery.shared.transport.decorator.EurekaHttpClientDecorator.sendHeartBeat(EurekaHttpClientDecorator.java:89)
	at com.netflix.discovery.shared.transport.decorator.EurekaHttpClientDecorator$3.execute(EurekaHttpClientDecorator.java:92)
	at com.netflix.discovery.shared.transport.decorator.SessionedEurekaHttpClient.execute(SessionedEurekaHttpClient.java:77)
	at com.netflix.discovery.shared.transport.decorator.EurekaHttpClientDecorator.sendHeartBeat(EurekaHttpClientDecorator.java:89)
	at com.netflix.discovery.DiscoveryClient.renew(DiscoveryClient.java:867)
	at com.netflix.discovery.DiscoveryClient$HeartbeatThread.run(DiscoveryClient.java:1436)
	at java.util.concurrent.Executors$RunnableAdapter.call(Unknown Source)
	at java.util.concurrent.FutureTask.run(Unknown Source)
	at java.util.concurrent.ThreadPoolExecutor.runWorker(Unknown Source)
	at java.util.concurrent.ThreadPoolExecutor$Worker.run(Unknown Source)
	at java.lang.Thread.run(Unknown Source)
Caused by: java.net.ConnectException: Connection refused: connect
	at java.net.DualStackPlainSocketImpl.waitForConnect(Native Method)
	at java.net.DualStackPlainSocketImpl.socketConnect(Unknown Source)
	at java.net.AbstractPlainSocketImpl.doConnect(Unknown Source)
	at java.net.AbstractPlainSocketImpl.connectToAddress(Unknown Source)
	at java.net.AbstractPlainSocketImpl.connect(Unknown Source)
	at java.net.PlainSocketImpl.connect(Unknown Source)
	at java.net.SocksSocketImpl.connect(Unknown Source)
	at java.net.Socket.connect(Unknown Source)
	at org.apache.http.conn.scheme.PlainSocketFactory.connectSocket(PlainSocketFactory.java:121)
	at org.apache.http.impl.conn.DefaultClientConnectionOperator.openConnection(DefaultClientConnectionOperator.java:180)
	at org.apache.http.impl.conn.AbstractPoolEntry.open(AbstractPoolEntry.java:144)
	at org.apache.http.impl.conn.AbstractPooledConnAdapter.open(AbstractPooledConnAdapter.java:134)
	at org.apache.http.impl.client.DefaultRequestDirector.tryConnect(DefaultRequestDirector.java:605)
	at org.apache.http.impl.client.DefaultRequestDirector.execute(DefaultRequestDirector.java:440)
	at org.apache.http.impl.client.AbstractHttpClient.doExecute(AbstractHttpClient.java:835)
	at org.apache.http.impl.client.CloseableHttpClient.execute(CloseableHttpClient.java:118)
	at org.apache.http.impl.client.CloseableHttpClient.execute(CloseableHttpClient.java:56)
	at com.sun.jersey.client.apache4.ApacheHttpClient4Handler.handle(ApacheHttpClient4Handler.java:173)
	... 27 common frames omitted
2020-05-01 19:45:53,860 WARN [DiscoveryClient-HeartbeatExecutor-0] c.n.d.s.t.d.RetryableEurekaHttpClient [RetryableEurekaHttpClient.java:130] Request execution failed with message: java.net.ConnectException: Connection refused: connect
2020-05-01 19:45:53,861 ERROR [DiscoveryClient-HeartbeatExecutor-0] c.n.d.DiscoveryClient [DiscoveryClient.java:881] DiscoveryClient_FMS-FEEDBACK-SERVICE/DESKTOP-1QKKEMV:fms-feedback-service:8083 - was unable to send heartbeat!
com.netflix.discovery.shared.transport.TransportException: Cannot execute request on any known server
	at com.netflix.discovery.shared.transport.decorator.RetryableEurekaHttpClient.execute(RetryableEurekaHttpClient.java:112)
	at com.netflix.discovery.shared.transport.decorator.EurekaHttpClientDecorator.sendHeartBeat(EurekaHttpClientDecorator.java:89)
	at com.netflix.discovery.shared.transport.decorator.EurekaHttpClientDecorator$3.execute(EurekaHttpClientDecorator.java:92)
	at com.netflix.discovery.shared.transport.decorator.SessionedEurekaHttpClient.execute(SessionedEurekaHttpClient.java:77)
	at com.netflix.discovery.shared.transport.decorator.EurekaHttpClientDecorator.sendHeartBeat(EurekaHttpClientDecorator.java:89)
	at com.netflix.discovery.DiscoveryClient.renew(DiscoveryClient.java:867)
	at com.netflix.discovery.DiscoveryClient$HeartbeatThread.run(DiscoveryClient.java:1436)
	at java.util.concurrent.Executors$RunnableAdapter.call(Unknown Source)
	at java.util.concurrent.FutureTask.run(Unknown Source)
	at java.util.concurrent.ThreadPoolExecutor.runWorker(Unknown Source)
	at java.util.concurrent.ThreadPoolExecutor$Worker.run(Unknown Source)
	at java.lang.Thread.run(Unknown Source)
2020-05-01 19:45:53,868 ERROR [DiscoveryClient-CacheRefreshExecutor-0] c.n.d.s.t.d.RedirectingEurekaHttpClient [RedirectingEurekaHttpClient.java:83] Request execution error. endpoint=DefaultEndpoint{ serviceUrl='http://localhost:8761/eureka/}
com.sun.jersey.api.client.ClientHandlerException: java.net.ConnectException: Connection refused: connect
	at com.sun.jersey.client.apache4.ApacheHttpClient4Handler.handle(ApacheHttpClient4Handler.java:187)
	at com.sun.jersey.api.client.filter.GZIPContentEncodingFilter.handle(GZIPContentEncodingFilter.java:123)
	at com.netflix.discovery.EurekaIdentityHeaderFilter.handle(EurekaIdentityHeaderFilter.java:27)
	at com.sun.jersey.api.client.Client.handle(Client.java:652)
	at com.sun.jersey.api.client.WebResource.handle(WebResource.java:682)
	at com.sun.jersey.api.client.WebResource.access$200(WebResource.java:74)
	at com.sun.jersey.api.client.WebResource$Builder.get(WebResource.java:509)
	at com.netflix.discovery.shared.transport.jersey.AbstractJerseyEurekaHttpClient.getApplicationsInternal(AbstractJerseyEurekaHttpClient.java:196)
	at com.netflix.discovery.shared.transport.jersey.AbstractJerseyEurekaHttpClient.getDelta(AbstractJerseyEurekaHttpClient.java:172)
	at com.netflix.discovery.shared.transport.decorator.EurekaHttpClientDecorator$7.execute(EurekaHttpClientDecorator.java:152)
	at com.netflix.discovery.shared.transport.decorator.MetricsCollectingEurekaHttpClient.execute(MetricsCollectingEurekaHttpClient.java:73)
	at com.netflix.discovery.shared.transport.decorator.EurekaHttpClientDecorator.getDelta(EurekaHttpClientDecorator.java:149)
	at com.netflix.discovery.shared.transport.decorator.EurekaHttpClientDecorator$7.execute(EurekaHttpClientDecorator.java:152)
	at com.netflix.discovery.shared.transport.decorator.RedirectingEurekaHttpClient.executeOnNewServer(RedirectingEurekaHttpClient.java:118)
	at com.netflix.discovery.shared.transport.decorator.RedirectingEurekaHttpClient.execute(RedirectingEurekaHttpClient.java:79)
	at com.netflix.discovery.shared.transport.decorator.EurekaHttpClientDecorator.getDelta(EurekaHttpClientDecorator.java:149)
	at com.netflix.discovery.shared.transport.decorator.EurekaHttpClientDecorator$7.execute(EurekaHttpClientDecorator.java:152)
	at com.netflix.discovery.shared.transport.decorator.RetryableEurekaHttpClient.execute(RetryableEurekaHttpClient.java:120)
	at com.netflix.discovery.shared.transport.decorator.EurekaHttpClientDecorator.getDelta(EurekaHttpClientDecorator.java:149)
	at com.netflix.discovery.shared.transport.decorator.EurekaHttpClientDecorator$7.execute(EurekaHttpClientDecorator.java:152)
	at com.netflix.discovery.shared.transport.decorator.SessionedEurekaHttpClient.execute(SessionedEurekaHttpClient.java:77)
	at com.netflix.discovery.shared.transport.decorator.EurekaHttpClientDecorator.getDelta(EurekaHttpClientDecorator.java:149)
	at com.netflix.discovery.DiscoveryClient.getAndUpdateDelta(DiscoveryClient.java:1108)
	at com.netflix.discovery.DiscoveryClient.fetchRegistry(DiscoveryClient.java:990)
	at com.netflix.discovery.DiscoveryClient.refreshRegistry(DiscoveryClient.java:1510)
	at com.netflix.discovery.DiscoveryClient$CacheRefreshThread.run(DiscoveryClient.java:1477)
	at java.util.concurrent.Executors$RunnableAdapter.call(Unknown Source)
	at java.util.concurrent.FutureTask.run(Unknown Source)
	at java.util.concurrent.ThreadPoolExecutor.runWorker(Unknown Source)
	at java.util.concurrent.ThreadPoolExecutor$Worker.run(Unknown Source)
	at java.lang.Thread.run(Unknown Source)
Caused by: java.net.ConnectException: Connection refused: connect
	at java.net.DualStackPlainSocketImpl.waitForConnect(Native Method)
	at java.net.DualStackPlainSocketImpl.socketConnect(Unknown Source)
	at java.net.AbstractPlainSocketImpl.doConnect(Unknown Source)
	at java.net.AbstractPlainSocketImpl.connectToAddress(Unknown Source)
	at java.net.AbstractPlainSocketImpl.connect(Unknown Source)
	at java.net.PlainSocketImpl.connect(Unknown Source)
	at java.net.SocksSocketImpl.connect(Unknown Source)
	at java.net.Socket.connect(Unknown Source)
	at org.apache.http.conn.scheme.PlainSocketFactory.connectSocket(PlainSocketFactory.java:121)
	at org.apache.http.impl.conn.DefaultClientConnectionOperator.openConnection(DefaultClientConnectionOperator.java:180)
	at org.apache.http.impl.conn.AbstractPoolEntry.open(AbstractPoolEntry.java:144)
	at org.apache.http.impl.conn.AbstractPooledConnAdapter.open(AbstractPooledConnAdapter.java:134)
	at org.apache.http.impl.client.DefaultRequestDirector.tryConnect(DefaultRequestDirector.java:605)
	at org.apache.http.impl.client.DefaultRequestDirector.execute(DefaultRequestDirector.java:440)
	at org.apache.http.impl.client.AbstractHttpClient.doExecute(AbstractHttpClient.java:835)
	at org.apache.http.impl.client.CloseableHttpClient.execute(CloseableHttpClient.java:118)
	at org.apache.http.impl.client.CloseableHttpClient.execute(CloseableHttpClient.java:56)
	at com.sun.jersey.client.apache4.ApacheHttpClient4Handler.handle(ApacheHttpClient4Handler.java:173)
	... 30 common frames omitted
2020-05-01 19:45:53,868 WARN [DiscoveryClient-CacheRefreshExecutor-0] c.n.d.s.t.d.RetryableEurekaHttpClient [RetryableEurekaHttpClient.java:130] Request execution failed with message: java.net.ConnectException: Connection refused: connect
2020-05-01 19:45:53,868 ERROR [DiscoveryClient-CacheRefreshExecutor-0] c.n.d.DiscoveryClient [DiscoveryClient.java:995] DiscoveryClient_FMS-FEEDBACK-SERVICE/DESKTOP-1QKKEMV:fms-feedback-service:8083 - was unable to refresh its cache! status = Cannot execute request on any known server
com.netflix.discovery.shared.transport.TransportException: Cannot execute request on any known server
	at com.netflix.discovery.shared.transport.decorator.RetryableEurekaHttpClient.execute(RetryableEurekaHttpClient.java:112)
	at com.netflix.discovery.shared.transport.decorator.EurekaHttpClientDecorator.getDelta(EurekaHttpClientDecorator.java:149)
	at com.netflix.discovery.shared.transport.decorator.EurekaHttpClientDecorator$7.execute(EurekaHttpClientDecorator.java:152)
	at com.netflix.discovery.shared.transport.decorator.SessionedEurekaHttpClient.execute(SessionedEurekaHttpClient.java:77)
	at com.netflix.discovery.shared.transport.decorator.EurekaHttpClientDecorator.getDelta(EurekaHttpClientDecorator.java:149)
	at com.netflix.discovery.DiscoveryClient.getAndUpdateDelta(DiscoveryClient.java:1108)
	at com.netflix.discovery.DiscoveryClient.fetchRegistry(DiscoveryClient.java:990)
	at com.netflix.discovery.DiscoveryClient.refreshRegistry(DiscoveryClient.java:1510)
	at com.netflix.discovery.DiscoveryClient$CacheRefreshThread.run(DiscoveryClient.java:1477)
	at java.util.concurrent.Executors$RunnableAdapter.call(Unknown Source)
	at java.util.concurrent.FutureTask.run(Unknown Source)
	at java.util.concurrent.ThreadPoolExecutor.runWorker(Unknown Source)
	at java.util.concurrent.ThreadPoolExecutor$Worker.run(Unknown Source)
	at java.lang.Thread.run(Unknown Source)
2020-05-01 19:46:23,874 INFO [DiscoveryClient-HeartbeatExecutor-0] c.n.d.DiscoveryClient [DiscoveryClient.java:871] DiscoveryClient_FMS-FEEDBACK-SERVICE/DESKTOP-1QKKEMV:fms-feedback-service:8083 - Re-registering apps/FMS-FEEDBACK-SERVICE
2020-05-01 19:46:23,875 INFO [DiscoveryClient-HeartbeatExecutor-0] c.n.d.DiscoveryClient [DiscoveryClient.java:847] DiscoveryClient_FMS-FEEDBACK-SERVICE/DESKTOP-1QKKEMV:fms-feedback-service:8083: registering service...
2020-05-01 19:46:23,894 INFO [DiscoveryClient-HeartbeatExecutor-0] c.n.d.DiscoveryClient [DiscoveryClient.java:856] DiscoveryClient_FMS-FEEDBACK-SERVICE/DESKTOP-1QKKEMV:fms-feedback-service:8083 - registration status: 204
2020-05-01 19:50:11,752 INFO [AsyncResolver-bootstrap-executor-0] c.n.d.s.r.a.ConfigClusterResolver [ConfigClusterResolver.java:43] Resolving eureka endpoints via configuration
2020-05-01 19:50:26,262 ERROR [http-nio-8083-exec-1] c.f.s.EmailService [EmailService.java:63] Exception occured in sendEmailTemplate():: Mail server connection failed; nested exception is com.sun.mail.util.MailConnectException: Couldn't connect to host, port: smtp.gmail.com, 587; timeout -1;
  nested exception is:
	java.net.UnknownHostException: smtp.gmail.com. Failed messages: com.sun.mail.util.MailConnectException: Couldn't connect to host, port: smtp.gmail.com, 587; timeout -1;
  nested exception is:
	java.net.UnknownHostException: smtp.gmail.com :: emailId:amirtha1994@gmail.com
2020-05-01 19:50:26,267 ERROR [http-nio-8083-exec-1] c.f.s.EmailService [EmailService.java:63] Exception occured in sendEmailTemplate():: Mail server connection failed; nested exception is com.sun.mail.util.MailConnectException: Couldn't connect to host, port: smtp.gmail.com, 587; timeout -1;
  nested exception is:
	java.net.UnknownHostException: smtp.gmail.com. Failed messages: com.sun.mail.util.MailConnectException: Couldn't connect to host, port: smtp.gmail.com, 587; timeout -1;
  nested exception is:
	java.net.UnknownHostException: smtp.gmail.com :: emailId:amirtha1994@gmail.com
2020-05-01 19:50:26,270 ERROR [http-nio-8083-exec-1] c.f.s.EmailService [EmailService.java:63] Exception occured in sendEmailTemplate():: Mail server connection failed; nested exception is com.sun.mail.util.MailConnectException: Couldn't connect to host, port: smtp.gmail.com, 587; timeout -1;
  nested exception is:
	java.net.UnknownHostException: smtp.gmail.com. Failed messages: com.sun.mail.util.MailConnectException: Couldn't connect to host, port: smtp.gmail.com, 587; timeout -1;
  nested exception is:
	java.net.UnknownHostException: smtp.gmail.com :: emailId:amirtha1994@gmail.com
2020-05-01 19:54:45,274 ERROR [http-nio-8083-exec-3] c.f.s.EmailService [EmailService.java:63] Exception occured in sendEmailTemplate():: Mail server connection failed; nested exception is com.sun.mail.util.MailConnectException: Couldn't connect to host, port: smtp.gmail.com, 587; timeout -1;
  nested exception is:
	java.net.UnknownHostException: smtp.gmail.com. Failed messages: com.sun.mail.util.MailConnectException: Couldn't connect to host, port: smtp.gmail.com, 587; timeout -1;
  nested exception is:
	java.net.UnknownHostException: smtp.gmail.com :: emailId:amirtha1994@gmail.com
2020-05-01 19:54:45,279 ERROR [http-nio-8083-exec-3] c.f.s.EmailService [EmailService.java:63] Exception occured in sendEmailTemplate():: Mail server connection failed; nested exception is com.sun.mail.util.MailConnectException: Couldn't connect to host, port: smtp.gmail.com, 587; timeout -1;
  nested exception is:
	java.net.UnknownHostException: smtp.gmail.com. Failed messages: com.sun.mail.util.MailConnectException: Couldn't connect to host, port: smtp.gmail.com, 587; timeout -1;
  nested exception is:
	java.net.UnknownHostException: smtp.gmail.com :: emailId:amirtha1994@gmail.com
2020-05-01 19:54:45,283 ERROR [http-nio-8083-exec-3] c.f.s.EmailService [EmailService.java:63] Exception occured in sendEmailTemplate():: Mail server connection failed; nested exception is com.sun.mail.util.MailConnectException: Couldn't connect to host, port: smtp.gmail.com, 587; timeout -1;
  nested exception is:
	java.net.UnknownHostException: smtp.gmail.com. Failed messages: com.sun.mail.util.MailConnectException: Couldn't connect to host, port: smtp.gmail.com, 587; timeout -1;
  nested exception is:
	java.net.UnknownHostException: smtp.gmail.com :: emailId:amirtha1994@gmail.com
2020-05-01 19:54:54,749 INFO [RMI TCP Connection(6)-127.0.0.1] o.s.b.a.SpringApplicationAdminMXBeanRegistrar$SpringApplicationAdmin [SpringApplicationAdminMXBeanRegistrar.java:159] Application shutdown requested.
2020-05-01 19:54:54,750 INFO [RMI TCP Connection(6)-127.0.0.1] o.s.c.n.e.s.EurekaServiceRegistry [EurekaServiceRegistry.java:65] Unregistering application FMS-FEEDBACK-SERVICE with eureka with status DOWN
2020-05-01 19:54:54,750 WARN [RMI TCP Connection(6)-127.0.0.1] c.n.d.DiscoveryClient [DiscoveryClient.java:1328] Saw local status change event StatusChangeEvent [timestamp=1588343094750, current=DOWN, previous=UP]
2020-05-01 19:54:54,750 INFO [DiscoveryClient-InstanceInfoReplicator-0] c.n.d.DiscoveryClient [DiscoveryClient.java:847] DiscoveryClient_FMS-FEEDBACK-SERVICE/DESKTOP-1QKKEMV:fms-feedback-service:8083: registering service...
2020-05-01 19:54:54,754 INFO [RMI TCP Connection(6)-127.0.0.1] o.s.s.c.ThreadPoolTaskExecutor [ExecutorConfigurationSupport.java:218] Shutting down ExecutorService 'applicationTaskExecutor'
2020-05-01 19:54:54,755 INFO [DiscoveryClient-InstanceInfoReplicator-0] c.n.d.DiscoveryClient [DiscoveryClient.java:856] DiscoveryClient_FMS-FEEDBACK-SERVICE/DESKTOP-1QKKEMV:fms-feedback-service:8083 - registration status: 204
2020-05-01 19:54:54,756 INFO [RMI TCP Connection(6)-127.0.0.1] o.m.d.connection [SLF4JLogger.java:71] Closed connection [connectionId{localValue:3, serverValue:245}] to localhost:27017 because the pool has been closed.
2020-05-01 19:54:54,757 INFO [RMI TCP Connection(6)-127.0.0.1] c.n.d.DiscoveryClient [DiscoveryClient.java:909] Shutting down DiscoveryClient ...
2020-05-01 19:54:57,759 INFO [RMI TCP Connection(6)-127.0.0.1] c.n.d.DiscoveryClient [DiscoveryClient.java:945] Unregistering ...
2020-05-01 19:54:57,763 INFO [RMI TCP Connection(6)-127.0.0.1] c.n.d.DiscoveryClient [DiscoveryClient.java:947] DiscoveryClient_FMS-FEEDBACK-SERVICE/DESKTOP-1QKKEMV:fms-feedback-service:8083 - deregister  status: 200
2020-05-01 19:54:57,775 INFO [RMI TCP Connection(6)-127.0.0.1] c.n.d.DiscoveryClient [DiscoveryClient.java:934] Completed shut down of DiscoveryClient
2020-05-01 19:54:57,776 INFO [RMI TCP Connection(6)-127.0.0.1] o.a.c.h.Http11NioProtocol [DirectJDKLog.java:173] Pausing ProtocolHandler ["http-nio-8083"]
2020-05-01 19:54:57,888 INFO [RMI TCP Connection(6)-127.0.0.1] o.a.c.c.StandardService [DirectJDKLog.java:173] Stopping service [Tomcat]
2020-05-01 19:54:57,889 INFO [RMI TCP Connection(6)-127.0.0.1] o.a.c.c.C.[.[.[/] [DirectJDKLog.java:173] Destroying Spring FrameworkServlet 'dispatcherServlet'
2020-05-01 19:54:57,892 INFO [RMI TCP Connection(6)-127.0.0.1] o.a.c.h.Http11NioProtocol [DirectJDKLog.java:173] Stopping ProtocolHandler ["http-nio-8083"]
2020-05-01 19:54:57,894 INFO [RMI TCP Connection(6)-127.0.0.1] o.a.c.h.Http11NioProtocol [DirectJDKLog.java:173] Destroying ProtocolHandler ["http-nio-8083"]
2020-05-01 19:55:15,857 INFO [restartedMain] o.s.b.d.e.DevToolsPropertyDefaultsPostProcessor [DeferredLog.java:225] Devtools property defaults active! Set 'spring.devtools.add-properties' to 'false' to disable
2020-05-01 19:55:16,252 INFO [restartedMain] c.f.FmsFeedbackClientApplication [SpringApplication.java:651] No active profile set, falling back to default profiles: default
2020-05-01 19:55:16,696 INFO [restartedMain] o.s.d.r.c.RepositoryConfigurationDelegate [RepositoryConfigurationDelegate.java:127] Bootstrapping Spring Data MongoDB repositories in DEFAULT mode.
2020-05-01 19:55:16,750 INFO [restartedMain] o.s.d.r.c.RepositoryConfigurationDelegate [RepositoryConfigurationDelegate.java:187] Finished Spring Data repository scanning in 50ms. Found 5 MongoDB repository interfaces.
2020-05-01 19:55:16,950 INFO [restartedMain] o.s.c.c.s.GenericScope [GenericScope.java:295] BeanFactory id=a24fa803-efd1-3cfd-8471-02d568108464
2020-05-01 19:55:17,350 INFO [restartedMain] o.s.b.w.e.t.TomcatWebServer [TomcatWebServer.java:92] Tomcat initialized with port(s): 8083 (http)
2020-05-01 19:55:17,355 INFO [restartedMain] o.a.c.h.Http11NioProtocol [DirectJDKLog.java:173] Initializing ProtocolHandler ["http-nio-8083"]
2020-05-01 19:55:17,356 INFO [restartedMain] o.a.c.c.StandardService [DirectJDKLog.java:173] Starting service [Tomcat]
2020-05-01 19:55:17,356 INFO [restartedMain] o.a.c.c.StandardEngine [DirectJDKLog.java:173] Starting Servlet engine: [Apache Tomcat/9.0.33]
2020-05-01 19:55:17,444 INFO [restartedMain] o.a.c.c.C.[.[.[/] [DirectJDKLog.java:173] Initializing Spring embedded WebApplicationContext
2020-05-01 19:55:17,444 INFO [restartedMain] o.s.w.c.ContextLoader [ServletWebServerApplicationContext.java:284] Root WebApplicationContext: initialization completed in 1178 ms
2020-05-01 19:55:17,801 INFO [restartedMain] o.m.d.cluster [SLF4JLogger.java:71] Cluster created with settings {hosts=[localhost:27017], mode=SINGLE, requiredClusterType=UNKNOWN, serverSelectionTimeout='30000 ms', maxWaitQueueSize=500}
2020-05-01 19:55:17,840 INFO [cluster-ClusterId{value='5eac314d491d8e37b81d6ce1', description='null'}-localhost:27017] o.m.d.connection [SLF4JLogger.java:71] Opened connection [connectionId{localValue:1, serverValue:255}] to localhost:27017
2020-05-01 19:55:17,843 INFO [cluster-ClusterId{value='5eac314d491d8e37b81d6ce1', description='null'}-localhost:27017] o.m.d.cluster [SLF4JLogger.java:71] Monitor thread successfully connected to server with description ServerDescription{address=localhost:27017, type=STANDALONE, state=CONNECTED, ok=true, version=ServerVersion{versionList=[4, 2, 5]}, minWireVersion=0, maxWireVersion=8, maxDocumentSize=16777216, logicalSessionTimeoutMinutes=30, roundTripTimeNanos=2197000}
2020-05-01 19:55:17,919 WARN [restartedMain] o.s.d.m.c.m.BasicMongoPersistentProperty [BasicMongoPersistentProperty.java:86] Customizing field name for id property 'com.fms.model.Events.eventId' is not allowed! Custom name ('eventId') will not be considered!
2020-05-01 19:55:17,926 WARN [restartedMain] o.s.d.m.c.m.BasicMongoPersistentProperty [BasicMongoPersistentProperty.java:86] Customizing field name for id property 'com.fms.model.pocDetails.pocId' is not allowed! Custom name ('pocId') will not be considered!
2020-05-01 19:55:17,950 WARN [restartedMain] o.s.b.d.a.OptionalLiveReloadServer [OptionalLiveReloadServer.java:61] Unable to start LiveReload server
2020-05-01 19:55:17,989 WARN [restartedMain] o.s.d.m.c.m.BasicMongoPersistentProperty [BasicMongoPersistentProperty.java:86] Customizing field name for id property 'com.fms.model.VolunteerDetails.id' is not allowed! Custom name ('volunteerId') will not be considered!
2020-05-01 19:55:18,163 WARN [restartedMain] c.n.c.s.URLConfigurationSource [URLConfigurationSource.java:121] No URLs will be polled as dynamic configuration sources.
2020-05-01 19:55:18,164 INFO [restartedMain] c.n.c.s.URLConfigurationSource [URLConfigurationSource.java:122] To enable URLs as dynamic configuration sources, define System property archaius.configurationSource.additionalUrls or make config.properties available on classpath.
2020-05-01 19:55:18,167 WARN [restartedMain] c.n.c.s.URLConfigurationSource [URLConfigurationSource.java:121] No URLs will be polled as dynamic configuration sources.
2020-05-01 19:55:18,167 INFO [restartedMain] c.n.c.s.URLConfigurationSource [URLConfigurationSource.java:122] To enable URLs as dynamic configuration sources, define System property archaius.configurationSource.additionalUrls or make config.properties available on classpath.
2020-05-01 19:55:18,299 INFO [restartedMain] o.s.s.c.ThreadPoolTaskExecutor [ExecutorConfigurationSupport.java:181] Initializing ExecutorService 'applicationTaskExecutor'
2020-05-01 19:55:18,813 WARN [restartedMain] o.s.c.l.c.BlockingLoadBalancerClientAutoConfiguration$BlockingLoadBalancerClientRibbonWarnLogger [BlockingLoadBalancerClientAutoConfiguration.java:86] You already have RibbonLoadBalancerClient on your classpath. It will be used by default. As Spring Cloud Ribbon is in maintenance mode. We recommend switching to BlockingLoadBalancerClient instead. In order to use it, set the value of `spring.cloud.loadbalancer.ribbon.enabled` to `false` or remove spring-cloud-starter-netflix-ribbon from your project.
2020-05-01 19:55:18,894 INFO [restartedMain] o.s.c.n.e.InstanceInfoFactory [InstanceInfoFactory.java:72] Setting initial instance status as: STARTING
2020-05-01 19:55:18,921 INFO [restartedMain] c.n.d.DiscoveryClient [DiscoveryClient.java:368] Initializing Eureka in region us-east-1
2020-05-01 19:55:18,976 INFO [restartedMain] c.n.d.p.DiscoveryJerseyProvider [DiscoveryJerseyProvider.java:70] Using JSON encoding codec LegacyJacksonJson
2020-05-01 19:55:18,976 INFO [restartedMain] c.n.d.p.DiscoveryJerseyProvider [DiscoveryJerseyProvider.java:71] Using JSON decoding codec LegacyJacksonJson
2020-05-01 19:55:19,064 INFO [restartedMain] c.n.d.p.DiscoveryJerseyProvider [DiscoveryJerseyProvider.java:80] Using XML encoding codec XStreamXml
2020-05-01 19:55:19,064 INFO [restartedMain] c.n.d.p.DiscoveryJerseyProvider [DiscoveryJerseyProvider.java:81] Using XML decoding codec XStreamXml
2020-05-01 19:55:19,260 INFO [restartedMain] c.n.d.s.r.a.ConfigClusterResolver [ConfigClusterResolver.java:43] Resolving eureka endpoints via configuration
2020-05-01 19:55:19,381 INFO [restartedMain] c.n.d.DiscoveryClient [DiscoveryClient.java:981] Disable delta property : false
2020-05-01 19:55:19,381 INFO [restartedMain] c.n.d.DiscoveryClient [DiscoveryClient.java:982] Single vip registry refresh property : null
2020-05-01 19:55:19,381 INFO [restartedMain] c.n.d.DiscoveryClient [DiscoveryClient.java:983] Force full registry fetch : false
2020-05-01 19:55:19,381 INFO [restartedMain] c.n.d.DiscoveryClient [DiscoveryClient.java:984] Application is null : false
2020-05-01 19:55:19,381 INFO [restartedMain] c.n.d.DiscoveryClient [DiscoveryClient.java:985] Registered Applications size is zero : true
2020-05-01 19:55:19,382 INFO [restartedMain] c.n.d.DiscoveryClient [DiscoveryClient.java:987] Application version is -1: true
2020-05-01 19:55:19,382 INFO [restartedMain] c.n.d.DiscoveryClient [DiscoveryClient.java:1070] Getting all instance registry info from the eureka server
2020-05-01 19:55:19,519 INFO [restartedMain] c.n.d.DiscoveryClient [DiscoveryClient.java:1079] The response status is 200
2020-05-01 19:55:19,521 INFO [restartedMain] c.n.d.DiscoveryClient [DiscoveryClient.java:1294] Starting heartbeat executor: renew interval is: 30
2020-05-01 19:55:19,524 INFO [restartedMain] c.n.d.InstanceInfoReplicator [InstanceInfoReplicator.java:60] InstanceInfoReplicator onDemand update allowed rate per min is 4
2020-05-01 19:55:19,528 INFO [restartedMain] c.n.d.DiscoveryClient [DiscoveryClient.java:468] Discovery Client initialized at timestamp 1588343119528 with initial instances count: 2
2020-05-01 19:55:19,529 INFO [restartedMain] o.s.c.n.e.s.EurekaServiceRegistry [EurekaServiceRegistry.java:41] Registering application FMS-FEEDBACK-SERVICE with eureka with status UP
2020-05-01 19:55:19,530 INFO [restartedMain] c.n.d.DiscoveryClient [DiscoveryClient.java:1330] Saw local status change event StatusChangeEvent [timestamp=1588343119530, current=UP, previous=STARTING]
2020-05-01 19:55:19,532 INFO [DiscoveryClient-InstanceInfoReplicator-0] c.n.d.DiscoveryClient [DiscoveryClient.java:847] DiscoveryClient_FMS-FEEDBACK-SERVICE/DESKTOP-1QKKEMV:fms-feedback-service:8083: registering service...
2020-05-01 19:55:19,541 INFO [restartedMain] o.a.c.h.Http11NioProtocol [DirectJDKLog.java:173] Starting ProtocolHandler ["http-nio-8083"]
2020-05-01 19:55:19,565 INFO [DiscoveryClient-InstanceInfoReplicator-0] c.n.d.DiscoveryClient [DiscoveryClient.java:856] DiscoveryClient_FMS-FEEDBACK-SERVICE/DESKTOP-1QKKEMV:fms-feedback-service:8083 - registration status: 204
2020-05-01 19:55:19,564 INFO [restartedMain] o.s.b.w.e.t.TomcatWebServer [TomcatWebServer.java:204] Tomcat started on port(s): 8083 (http) with context path ''
2020-05-01 19:55:19,566 INFO [restartedMain] o.s.c.n.e.s.EurekaAutoServiceRegistration [EurekaAutoServiceRegistration.java:145] Updating port to 8083
2020-05-01 19:55:19,745 INFO [restartedMain] c.f.FmsFeedbackClientApplication [StartupInfoLogger.java:61] Started FmsFeedbackClientApplication in 4.355 seconds (JVM running for 5.18)
2020-05-01 19:56:06,456 INFO [http-nio-8083-exec-1] o.a.c.c.C.[.[.[/] [DirectJDKLog.java:173] Initializing Spring DispatcherServlet 'dispatcherServlet'
2020-05-01 19:56:06,456 INFO [http-nio-8083-exec-1] o.s.w.s.DispatcherServlet [FrameworkServlet.java:525] Initializing Servlet 'dispatcherServlet'
2020-05-01 19:56:06,461 INFO [http-nio-8083-exec-1] o.s.w.s.DispatcherServlet [FrameworkServlet.java:547] Completed initialization in 5 ms
2020-05-01 19:56:27,744 INFO [http-nio-8083-exec-1] o.m.d.connection [SLF4JLogger.java:71] Opened connection [connectionId{localValue:2, serverValue:256}] to localhost:27017
2020-05-01 20:00:19,384 INFO [AsyncResolver-bootstrap-executor-0] c.n.d.s.r.a.ConfigClusterResolver [ConfigClusterResolver.java:43] Resolving eureka endpoints via configuration
2020-05-01 20:04:21,044 ERROR [http-nio-8083-exec-1] c.f.s.EmailService [EmailService.java:63] Exception occured in sendEmailTemplate():: Mail server connection failed; nested exception is com.sun.mail.util.MailConnectException: Couldn't connect to host, port: smtp.gmail.com, 587; timeout -1;
  nested exception is:
	java.net.UnknownHostException: smtp.gmail.com. Failed messages: com.sun.mail.util.MailConnectException: Couldn't connect to host, port: smtp.gmail.com, 587; timeout -1;
  nested exception is:
	java.net.UnknownHostException: smtp.gmail.com :: emailId:amirtha1994@gmail.com
2020-05-01 20:05:19,386 INFO [AsyncResolver-bootstrap-executor-0] c.n.d.s.r.a.ConfigClusterResolver [ConfigClusterResolver.java:43] Resolving eureka endpoints via configuration
2020-05-01 20:10:19,387 INFO [AsyncResolver-bootstrap-executor-0] c.n.d.s.r.a.ConfigClusterResolver [ConfigClusterResolver.java:43] Resolving eureka endpoints via configuration
2020-05-01 20:15:18,034 INFO [AsyncResolver-bootstrap-executor-0] c.n.d.s.r.a.ConfigClusterResolver [ConfigClusterResolver.java:43] Resolving eureka endpoints via configuration
2020-05-01 20:20:18,035 INFO [AsyncResolver-bootstrap-executor-0] c.n.d.s.r.a.ConfigClusterResolver [ConfigClusterResolver.java:43] Resolving eureka endpoints via configuration
2020-05-01 20:25:18,036 INFO [AsyncResolver-bootstrap-executor-0] c.n.d.s.r.a.ConfigClusterResolver [ConfigClusterResolver.java:43] Resolving eureka endpoints via configuration
2020-05-01 20:30:18,039 INFO [AsyncResolver-bootstrap-executor-0] c.n.d.s.r.a.ConfigClusterResolver [ConfigClusterResolver.java:43] Resolving eureka endpoints via configuration
2020-05-01 20:35:18,040 INFO [AsyncResolver-bootstrap-executor-0] c.n.d.s.r.a.ConfigClusterResolver [ConfigClusterResolver.java:43] Resolving eureka endpoints via configuration
2020-05-01 20:40:18,042 INFO [AsyncResolver-bootstrap-executor-0] c.n.d.s.r.a.ConfigClusterResolver [ConfigClusterResolver.java:43] Resolving eureka endpoints via configuration
